[ANOMALY] Company ADANIENSOL Year 2024: Reported OPM deviations exceed >1% criteria thresholds. [Category: formula discrepancy]
[ANOMALY] Company AXISBANK Year 2013: Reported OPM deviations exceed >1% criteria thresholds. [Category: formula discrepancy]
[ANOMALY] Company AXISBANK Year 2014: Reported OPM deviations exceed >1% criteria thresholds. [Category: formula discrepancy]
[ANOMALY] Company AXISBANK Year 2015: Reported OPM deviations exceed >1% criteria thresholds. [Category: formula discrepancy]
[ANOMALY] Company AXISBANK Year 2016: Reported OPM deviations exceed >1% criteria thresholds. [Category: formula discrepancy]
[ANOMALY] Company AXISBANK Year 2017: Reported OPM deviations exceed >1% criteria thresholds. [Category: formula discrepancy]
[ANOMALY] Company AXISBANK Year 2018: Reported OPM deviations exceed >1% criteria thresholds. [Category: formula discrepancy]
[ANOMALY] Company AXISBANK Year 2019: Reported OPM deviations exceed >1% criteria thresholds. [Category: formula discrepancy]
[ANOMALY] Company AXISBANK Year 2020: Reported OPM deviations exceed >1% criteria thresholds. [Category: formula discrepancy]
[ANOMALY] Company AXISBANK Year 2021: Reported OPM deviations exceed >1% criteria thresholds. [Category: formula discrepancy]
[ANOMALY] Company AXISBANK Year 2022: Reported OPM deviations exceed >1% criteria thresholds. [Category: formula discrepancy]
[ANOMALY] Company AXISBANK Year 2023: Reported OPM deviations exceed >1% criteria thresholds. [Category: formula discrepancy]
[ANOMALY] Company AXISBANK Year 2024: Reported OPM deviations exceed >1% criteria thresholds. [Category: formula discrepancy]
[ANOMALY] Company AXISBANK Year 0: Reported OPM deviations exceed >1% criteria thresholds. [Category: formula discrepancy]
[ANOMALY] Company BAJFINANCE Year 2015: Reported OPM deviations exceed >1% criteria thresholds. [Category: formula discrepancy]
[ANOMALY] Company BAJFINANCE Year 2016: Reported OPM deviations exceed >1% criteria thresholds. [Category: formula discrepancy]
[ANOMALY] Company BAJFINANCE Year 2017: Reported OPM deviations exceed >1% criteria thresholds. [Category: formula discrepancy]
[ANOMALY] Company BAJFINANCE Year 2018: Reported OPM deviations exceed >1% criteria thresholds. [Category: formula discrepancy]
[ANOMALY] Company BAJFINANCE Year 2019: Reported OPM deviations exceed >1% criteria thresholds. [Category: formula discrepancy]
[ANOMALY] Company BAJFINANCE Year 2020: Reported OPM deviations exceed >1% criteria thresholds. [Category: formula discrepancy]
[ANOMALY] Company BAJFINANCE Year 2021: Reported OPM deviations exceed >1% criteria thresholds. [Category: formula discrepancy]
[ANOMALY] Company BAJFINANCE Year 2022: Reported OPM deviations exceed >1% criteria thresholds. [Category: formula discrepancy]
[ANOMALY] Company BAJFINANCE Year 2023: Reported OPM deviations exceed >1% criteria thresholds. [Category: formula discrepancy]
[ANOMALY] Company BAJFINANCE Year 2024: Reported OPM deviations exceed >1% criteria thresholds. [Category: formula discrepancy]
[ANOMALY] Company BAJFINANCE Year 0: Reported OPM deviations exceed >1% criteria thresholds. [Category: formula discrepancy]
[ANOMALY] Company BANKBARODA Year 2013: Reported OPM deviations exceed >1% criteria thresholds. [Category: formula discrepancy]
[ANOMALY] Company BANKBARODA Year 2014: Reported OPM deviations exceed >1% criteria thresholds. [Category: formula discrepancy]
[ANOMALY] Company BANKBARODA Year 2015: Reported OPM deviations exceed >1% criteria thresholds. [Category: formula discrepancy]
[ANOMALY] Company BANKBARODA Year 2016: Reported OPM deviations exceed >1% criteria thresholds. [Category: formula discrepancy]
[ANOMALY] Company BANKBARODA Year 2017: Reported OPM deviations exceed >1% criteria thresholds. [Category: formula discrepancy]
[ANOMALY] Company BANKBARODA Year 2018: Reported OPM deviations exceed >1% criteria thresholds. [Category: formula discrepancy]
[ANOMALY] Company BANKBARODA Year 2019: Reported OPM deviations exceed >1% criteria thresholds. [Category: formula discrepancy]
[ANOMALY] Company BANKBARODA Year 2020: Reported OPM deviations exceed >1% criteria thresholds. [Category: formula discrepancy]
[ANOMALY] Company BANKBARODA Year 2021: Reported OPM deviations exceed >1% criteria thresholds. [Category: formula discrepancy]
[ANOMALY] Company BANKBARODA Year 2022: Reported OPM deviations exceed >1% criteria thresholds. [Category: formula discrepancy]
[ANOMALY] Company BANKBARODA Year 2023: Reported OPM deviations exceed >1% criteria thresholds. [Category: formula discrepancy]
[ANOMALY] Company BANKBARODA Year 2024: Reported OPM deviations exceed >1% criteria thresholds. [Category: formula discrepancy]
[ANOMALY] Company BANKBARODA Year 0: Reported OPM deviations exceed >1% criteria thresholds. [Category: formula discrepancy]
[ANOMALY] Company CANBK Year 2013: Reported OPM deviations exceed >1% criteria thresholds. [Category: formula discrepancy]
[ANOMALY] Company CANBK Year 2014: Reported OPM deviations exceed >1% criteria thresholds. [Category: formula discrepancy]
[ANOMALY] Company CANBK Year 2015: Reported OPM deviations exceed >1% criteria thresholds. [Category: formula discrepancy]
[ANOMALY] Company CANBK Year 2016: Reported OPM deviations exceed >1% criteria thresholds. [Category: formula discrepancy]
[ANOMALY] Company CANBK Year 2017: Reported OPM deviations exceed >1% criteria thresholds. [Category: formula discrepancy]
[ANOMALY] Company CANBK Year 2018: Reported OPM deviations exceed >1% criteria thresholds. [Category: formula discrepancy]
[ANOMALY] Company CANBK Year 2019: Reported OPM deviations exceed >1% criteria thresholds. [Category: formula discrepancy]
[ANOMALY] Company CANBK Year 2020: Reported OPM deviations exceed >1% criteria thresholds. [Category: formula discrepancy]
[ANOMALY] Company CANBK Year 2021: Reported OPM deviations exceed >1% criteria thresholds. [Category: formula discrepancy]
[ANOMALY] Company CANBK Year 2022: Reported OPM deviations exceed >1% criteria thresholds. [Category: formula discrepancy]
[ANOMALY] Company CANBK Year 2023: Reported OPM deviations exceed >1% criteria thresholds. [Category: formula discrepancy]
[ANOMALY] Company CANBK Year 2024: Reported OPM deviations exceed >1% criteria thresholds. [Category: formula discrepancy]
[ANOMALY] Company CANBK Year 0: Reported OPM deviations exceed >1% criteria thresholds. [Category: formula discrepancy]
[ANOMALY] Company CHOLAFIN Year 2013: Reported OPM deviations exceed >1% criteria thresholds. [Category: formula discrepancy]
[ANOMALY] Company CHOLAFIN Year 2014: Reported OPM deviations exceed >1% criteria thresholds. [Category: formula discrepancy]
[ANOMALY] Company CHOLAFIN Year 2015: Reported OPM deviations exceed >1% criteria thresholds. [Category: formula discrepancy]
[ANOMALY] Company CHOLAFIN Year 2016: Reported OPM deviations exceed >1% criteria thresholds. [Category: formula discrepancy]
[ANOMALY] Company CHOLAFIN Year 2017: Reported OPM deviations exceed >1% criteria thresholds. [Category: formula discrepancy]
[ANOMALY] Company CHOLAFIN Year 2018: Reported OPM deviations exceed >1% criteria thresholds. [Category: formula discrepancy]
[ANOMALY] Company CHOLAFIN Year 2019: Reported OPM deviations exceed >1% criteria thresholds. [Category: formula discrepancy]
[ANOMALY] Company CHOLAFIN Year 2020: Reported OPM deviations exceed >1% criteria thresholds. [Category: formula discrepancy]
[ANOMALY] Company CHOLAFIN Year 2021: Reported OPM deviations exceed >1% criteria thresholds. [Category: formula discrepancy]
[ANOMALY] Company CHOLAFIN Year 2022: Reported OPM deviations exceed >1% criteria thresholds. [Category: formula discrepancy]
[ANOMALY] Company CHOLAFIN Year 2023: Reported OPM deviations exceed >1% criteria thresholds. [Category: formula discrepancy]
[ANOMALY] Company CHOLAFIN Year 2024: Reported OPM deviations exceed >1% criteria thresholds. [Category: formula discrepancy]
[ANOMALY] Company CHOLAFIN Year 0: Reported OPM deviations exceed >1% criteria thresholds. [Category: formula discrepancy]
[ANOMALY] Company CIPLA Year 2013: Reported OPM deviations exceed >1% criteria thresholds. [Category: formula discrepancy]
[ANOMALY] Company CIPLA Year 2014: Reported OPM deviations exceed >1% criteria thresholds. [Category: formula discrepancy]
[ANOMALY] Company CIPLA Year 2015: Reported OPM deviations exceed >1% criteria thresholds. [Category: formula discrepancy]
[ANOMALY] Company CIPLA Year 2016: Reported OPM deviations exceed >1% criteria thresholds. [Category: formula discrepancy]
[ANOMALY] Company CIPLA Year 2017: Reported OPM deviations exceed >1% criteria thresholds. [Category: formula discrepancy]
[ANOMALY] Company CIPLA Year 2018: Reported OPM deviations exceed >1% criteria thresholds. [Category: formula discrepancy]
[ANOMALY] Company CIPLA Year 2019: Reported OPM deviations exceed >1% criteria thresholds. [Category: formula discrepancy]
[ANOMALY] Company CIPLA Year 2020: Reported OPM deviations exceed >1% criteria thresholds. [Category: formula discrepancy]
[ANOMALY] Company CIPLA Year 2021: Reported OPM deviations exceed >1% criteria thresholds. [Category: formula discrepancy]
[ANOMALY] Company CIPLA Year 2022: Reported OPM deviations exceed >1% criteria thresholds. [Category: formula discrepancy]
[ANOMALY] Company CIPLA Year 2023: Reported OPM deviations exceed >1% criteria thresholds. [Category: formula discrepancy]
[ANOMALY] Company CIPLA Year 2024: Reported OPM deviations exceed >1% criteria thresholds. [Category: formula discrepancy]
[ANOMALY] Company CIPLA Year 0: Reported OPM deviations exceed >1% criteria thresholds. [Category: formula discrepancy]
[ANOMALY] Company COALINDIA Year 2013: Reported OPM deviations exceed >1% criteria thresholds. [Category: formula discrepancy]
[ANOMALY] Company COALINDIA Year 2014: Reported OPM deviations exceed >1% criteria thresholds. [Category: formula discrepancy]
[ANOMALY] Company COALINDIA Year 2015: Reported OPM deviations exceed >1% criteria thresholds. [Category: formula discrepancy]
[ANOMALY] Company COALINDIA Year 2016: Reported OPM deviations exceed >1% criteria thresholds. [Category: formula discrepancy]
[ANOMALY] Company COALINDIA Year 2017: Reported OPM deviations exceed >1% criteria thresholds. [Category: formula discrepancy]
[ANOMALY] Company COALINDIA Year 2018: Reported OPM deviations exceed >1% criteria thresholds. [Category: formula discrepancy]
[ANOMALY] Company COALINDIA Year 2019: Reported OPM deviations exceed >1% criteria thresholds. [Category: formula discrepancy]
[ANOMALY] Company COALINDIA Year 2020: Reported OPM deviations exceed >1% criteria thresholds. [Category: formula discrepancy]
[ANOMALY] Company COALINDIA Year 2021: Reported OPM deviations exceed >1% criteria thresholds. [Category: formula discrepancy]
[ANOMALY] Company COALINDIA Year 2022: Reported OPM deviations exceed >1% criteria thresholds. [Category: formula discrepancy]
[ANOMALY] Company COALINDIA Year 2023: Reported OPM deviations exceed >1% criteria thresholds. [Category: formula discrepancy]
[ANOMALY] Company COALINDIA Year 2024: Reported OPM deviations exceed >1% criteria thresholds. [Category: formula discrepancy]
[ANOMALY] Company COALINDIA Year 0: Reported OPM deviations exceed >1% criteria thresholds. [Category: formula discrepancy]
[ANOMALY] Company HDFCBANK Year 2013: Reported OPM deviations exceed >1% criteria thresholds. [Category: formula discrepancy]
[ANOMALY] Company HDFCBANK Year 2014: Reported OPM deviations exceed >1% criteria thresholds. [Category: formula discrepancy]
[ANOMALY] Company HDFCBANK Year 2015: Reported OPM deviations exceed >1% criteria thresholds. [Category: formula discrepancy]
[ANOMALY] Company HDFCBANK Year 2016: Reported OPM deviations exceed >1% criteria thresholds. [Category: formula discrepancy]
[ANOMALY] Company HDFCBANK Year 2017: Reported OPM deviations exceed >1% criteria thresholds. [Category: formula discrepancy]
[ANOMALY] Company HDFCBANK Year 2018: Reported OPM deviations exceed >1% criteria thresholds. [Category: formula discrepancy]
[ANOMALY] Company HDFCBANK Year 2019: Reported OPM deviations exceed >1% criteria thresholds. [Category: formula discrepancy]
[ANOMALY] Company HDFCBANK Year 2020: Reported OPM deviations exceed >1% criteria thresholds. [Category: formula discrepancy]
[ANOMALY] Company HDFCBANK Year 2021: Reported OPM deviations exceed >1% criteria thresholds. [Category: formula discrepancy]
[ANOMALY] Company HDFCBANK Year 2022: Reported OPM deviations exceed >1% criteria thresholds. [Category: formula discrepancy]
[ANOMALY] Company HDFCBANK Year 2023: Reported OPM deviations exceed >1% criteria thresholds. [Category: formula discrepancy]
[ANOMALY] Company HDFCBANK Year 2024: Reported OPM deviations exceed >1% criteria thresholds. [Category: formula discrepancy]
[ANOMALY] Company HDFCBANK Year 0: Reported OPM deviations exceed >1% criteria thresholds. [Category: formula discrepancy]
[ANOMALY] Company HDFCLIFE Year 2013: Reported OPM deviations exceed >1% criteria thresholds. [Category: formula discrepancy]
[ANOMALY] Company HDFCLIFE Year 2014: Reported OPM deviations exceed >1% criteria thresholds. [Category: formula discrepancy]
[ANOMALY] Company HDFCLIFE Year 2015: Reported OPM deviations exceed >1% criteria thresholds. [Category: formula discrepancy]
[ANOMALY] Company HDFCLIFE Year 2016: Reported OPM deviations exceed >1% criteria thresholds. [Category: formula discrepancy]
[ANOMALY] Company HDFCLIFE Year 2017: Reported OPM deviations exceed >1% criteria thresholds. [Category: formula discrepancy]
[ANOMALY] Company HDFCLIFE Year 2018: Reported OPM deviations exceed >1% criteria thresholds. [Category: formula discrepancy]
[ANOMALY] Company HDFCLIFE Year 2019: Reported OPM deviations exceed >1% criteria thresholds. [Category: formula discrepancy]
[ANOMALY] Company HDFCLIFE Year 2020: Reported OPM deviations exceed >1% criteria thresholds. [Category: formula discrepancy]
[ANOMALY] Company HDFCLIFE Year 2021: Reported OPM deviations exceed >1% criteria thresholds. [Category: formula discrepancy]
[ANOMALY] Company HDFCLIFE Year 2022: Reported OPM deviations exceed >1% criteria thresholds. [Category: formula discrepancy]
[ANOMALY] Company HDFCLIFE Year 2023: Reported OPM deviations exceed >1% criteria thresholds. [Category: formula discrepancy]
[ANOMALY] Company HDFCLIFE Year 2024: Reported OPM deviations exceed >1% criteria thresholds. [Category: formula discrepancy]
[ANOMALY] Company HDFCLIFE Year 0: Reported OPM deviations exceed >1% criteria thresholds. [Category: formula discrepancy]
[ANOMALY] Company HEROMOTOCO Year 2014: Reported OPM deviations exceed >1% criteria thresholds. [Category: formula discrepancy]
[ANOMALY] Company HEROMOTOCO Year 2015: Reported OPM deviations exceed >1% criteria thresholds. [Category: formula discrepancy]
[ANOMALY] Company HEROMOTOCO Year 2016: Reported OPM deviations exceed >1% criteria thresholds. [Category: formula discrepancy]
[ANOMALY] Company HEROMOTOCO Year 2017: Reported OPM deviations exceed >1% criteria thresholds. [Category: formula discrepancy]
[ANOMALY] Company HEROMOTOCO Year 2018: Reported OPM deviations exceed >1% criteria thresholds. [Category: formula discrepancy]
[ANOMALY] Company HEROMOTOCO Year 2019: Reported OPM deviations exceed >1% criteria thresholds. [Category: formula discrepancy]
[ANOMALY] Company HEROMOTOCO Year 2020: Reported OPM deviations exceed >1% criteria thresholds. [Category: formula discrepancy]
[ANOMALY] Company HEROMOTOCO Year 2021: Reported OPM deviations exceed >1% criteria thresholds. [Category: formula discrepancy]
[ANOMALY] Company HEROMOTOCO Year 2022: Reported OPM deviations exceed >1% criteria thresholds. [Category: formula discrepancy]
[ANOMALY] Company HEROMOTOCO Year 2023: Reported OPM deviations exceed >1% criteria thresholds. [Category: formula discrepancy]
[ANOMALY] Company HEROMOTOCO Year 2024: Reported OPM deviations exceed >1% criteria thresholds. [Category: formula discrepancy]
[ANOMALY] Company HEROMOTOCO Year 0: Reported OPM deviations exceed >1% criteria thresholds. [Category: formula discrepancy]
[ANOMALY] Company HINDALCO Year 2013: Reported OPM deviations exceed >1% criteria thresholds. [Category: formula discrepancy]
[ANOMALY] Company HINDALCO Year 2014: Reported OPM deviations exceed >1% criteria thresholds. [Category: formula discrepancy]
[ANOMALY] Company HINDALCO Year 2015: Reported OPM deviations exceed >1% criteria thresholds. [Category: formula discrepancy]
[ANOMALY] Company HINDALCO Year 2016: Reported OPM deviations exceed >1% criteria thresholds. [Category: formula discrepancy]
[ANOMALY] Company HINDALCO Year 2017: Reported OPM deviations exceed >1% criteria thresholds. [Category: formula discrepancy]
[ANOMALY] Company HINDALCO Year 2018: Reported OPM deviations exceed >1% criteria thresholds. [Category: formula discrepancy]
[ANOMALY] Company HINDALCO Year 2019: Reported OPM deviations exceed >1% criteria thresholds. [Category: formula discrepancy]
[ANOMALY] Company HINDALCO Year 2020: Reported OPM deviations exceed >1% criteria thresholds. [Category: formula discrepancy]
[ANOMALY] Company HINDALCO Year 2021: Reported OPM deviations exceed >1% criteria thresholds. [Category: formula discrepancy]
[ANOMALY] Company HINDALCO Year 2022: Reported OPM deviations exceed >1% criteria thresholds. [Category: formula discrepancy]
[ANOMALY] Company HINDALCO Year 2023: Reported OPM deviations exceed >1% criteria thresholds. [Category: formula discrepancy]
[ANOMALY] Company HINDALCO Year 2024: Reported OPM deviations exceed >1% criteria thresholds. [Category: formula discrepancy]
[ANOMALY] Company HINDALCO Year 0: Reported OPM deviations exceed >1% criteria thresholds. [Category: formula discrepancy]
[ANOMALY] Company HINDUNILVR Year 2013: Reported OPM deviations exceed >1% criteria thresholds. [Category: formula discrepancy]
[ANOMALY] Company HINDUNILVR Year 2014: Reported OPM deviations exceed >1% criteria thresholds. [Category: formula discrepancy]
[ANOMALY] Company HINDUNILVR Year 2015: Reported OPM deviations exceed >1% criteria thresholds. [Category: formula discrepancy]
[ANOMALY] Company HINDUNILVR Year 2016: Reported OPM deviations exceed >1% criteria thresholds. [Category: formula discrepancy]
[ANOMALY] Company HINDUNILVR Year 2017: Reported OPM deviations exceed >1% criteria thresholds. [Category: formula discrepancy]
[ANOMALY] Company HINDUNILVR Year 2018: Reported OPM deviations exceed >1% criteria thresholds. [Category: formula discrepancy]
[ANOMALY] Company HINDUNILVR Year 2019: Reported OPM deviations exceed >1% criteria thresholds. [Category: formula discrepancy]
[ANOMALY] Company HINDUNILVR Year 2020: Reported OPM deviations exceed >1% criteria thresholds. [Category: formula discrepancy]
[ANOMALY] Company HINDUNILVR Year 2021: Reported OPM deviations exceed >1% criteria thresholds. [Category: formula discrepancy]
[ANOMALY] Company HINDUNILVR Year 2022: Reported OPM deviations exceed >1% criteria thresholds. [Category: formula discrepancy]
[ANOMALY] Company HINDUNILVR Year 2023: Reported OPM deviations exceed >1% criteria thresholds. [Category: formula discrepancy]
[ANOMALY] Company HINDUNILVR Year 2024: Reported OPM deviations exceed >1% criteria thresholds. [Category: formula discrepancy]
[ANOMALY] Company HINDUNILVR Year 0: Reported OPM deviations exceed >1% criteria thresholds. [Category: formula discrepancy]
[ANOMALY] Company ICICIBANK Year 2013: Reported OPM deviations exceed >1% criteria thresholds. [Category: formula discrepancy]
[ANOMALY] Company ICICIBANK Year 2014: Reported OPM deviations exceed >1% criteria thresholds. [Category: formula discrepancy]
[ANOMALY] Company ICICIBANK Year 2015: Reported OPM deviations exceed >1% criteria thresholds. [Category: formula discrepancy]
[ANOMALY] Company ICICIBANK Year 2016: Reported OPM deviations exceed >1% criteria thresholds. [Category: formula discrepancy]
[ANOMALY] Company ICICIBANK Year 2017: Reported OPM deviations exceed >1% criteria thresholds. [Category: formula discrepancy]
[ANOMALY] Company ICICIBANK Year 2018: Reported OPM deviations exceed >1% criteria thresholds. [Category: formula discrepancy]
[ANOMALY] Company ICICIBANK Year 2019: Reported OPM deviations exceed >1% criteria thresholds. [Category: formula discrepancy]
[ANOMALY] Company ICICIBANK Year 2020: Reported OPM deviations exceed >1% criteria thresholds. [Category: formula discrepancy]
[ANOMALY] Company ICICIBANK Year 2021: Reported OPM deviations exceed >1% criteria thresholds. [Category: formula discrepancy]
[ANOMALY] Company ICICIBANK Year 2022: Reported OPM deviations exceed >1% criteria thresholds. [Category: formula discrepancy]
[ANOMALY] Company ICICIBANK Year 2023: Reported OPM deviations exceed >1% criteria thresholds. [Category: formula discrepancy]
[ANOMALY] Company ICICIBANK Year 2024: Reported OPM deviations exceed >1% criteria thresholds. [Category: formula discrepancy]
[ANOMALY] Company ICICIBANK Year 0: Reported OPM deviations exceed >1% criteria thresholds. [Category: formula discrepancy]
[ANOMALY] Company ICICIGI Year 2013: Reported OPM deviations exceed >1% criteria thresholds. [Category: formula discrepancy]
[ANOMALY] Company ICICIGI Year 2014: Reported OPM deviations exceed >1% criteria thresholds. [Category: formula discrepancy]
[ANOMALY] Company ICICIGI Year 2015: Reported OPM deviations exceed >1% criteria thresholds. [Category: formula discrepancy]
[ANOMALY] Company ICICIGI Year 2016: Reported OPM deviations exceed >1% criteria thresholds. [Category: formula discrepancy]
[ANOMALY] Company ICICIGI Year 2017: Reported OPM deviations exceed >1% criteria thresholds. [Category: formula discrepancy]
[ANOMALY] Company ICICIGI Year 2018: Reported OPM deviations exceed >1% criteria thresholds. [Category: formula discrepancy]
[ANOMALY] Company ICICIGI Year 2019: Reported OPM deviations exceed >1% criteria thresholds. [Category: formula discrepancy]
[ANOMALY] Company ICICIGI Year 2020: Reported OPM deviations exceed >1% criteria thresholds. [Category: formula discrepancy]
[ANOMALY] Company ICICIGI Year 2021: Reported OPM deviations exceed >1% criteria thresholds. [Category: formula discrepancy]
[ANOMALY] Company ICICIGI Year 2022: Reported OPM deviations exceed >1% criteria thresholds. [Category: formula discrepancy]
[ANOMALY] Company ICICIGI Year 2023: Reported OPM deviations exceed >1% criteria thresholds. [Category: formula discrepancy]
[ANOMALY] Company ICICIGI Year 2024: Reported OPM deviations exceed >1% criteria thresholds. [Category: formula discrepancy]
[ANOMALY] Company ICICIGI Year 0: Reported OPM deviations exceed >1% criteria thresholds. [Category: formula discrepancy]
[ANOMALY] Company ICICIPRULI Year 2013: Reported OPM deviations exceed >1% criteria thresholds. [Category: formula discrepancy]
[ANOMALY] Company ICICIPRULI Year 2014: Reported OPM deviations exceed >1% criteria thresholds. [Category: formula discrepancy]
[ANOMALY] Company ICICIPRULI Year 2015: Reported OPM deviations exceed >1% criteria thresholds. [Category: formula discrepancy]
[ANOMALY] Company ICICIPRULI Year 2016: Reported OPM deviations exceed >1% criteria thresholds. [Category: formula discrepancy]
[ANOMALY] Company ICICIPRULI Year 2017: Reported OPM deviations exceed >1% criteria thresholds. [Category: formula discrepancy]
[ANOMALY] Company ICICIPRULI Year 2018: Reported OPM deviations exceed >1% criteria thresholds. [Category: formula discrepancy]
[ANOMALY] Company ICICIPRULI Year 2019: Reported OPM deviations exceed >1% criteria thresholds. [Category: formula discrepancy]
[ANOMALY] Company ICICIPRULI Year 2020: Reported OPM deviations exceed >1% criteria thresholds. [Category: formula discrepancy]
[ANOMALY] Company ICICIPRULI Year 2021: Reported OPM deviations exceed >1% criteria thresholds. [Category: formula discrepancy]
[ANOMALY] Company ICICIPRULI Year 2022: Reported OPM deviations exceed >1% criteria thresholds. [Category: formula discrepancy]
[ANOMALY] Company ICICIPRULI Year 2023: Reported OPM deviations exceed >1% criteria thresholds. [Category: formula discrepancy]
[ANOMALY] Company ICICIPRULI Year 2024: Reported OPM deviations exceed >1% criteria thresholds. [Category: formula discrepancy]
[ANOMALY] Company ICICIPRULI Year 0: Reported OPM deviations exceed >1% criteria thresholds. [Category: formula discrepancy]
[ANOMALY] Company INDUSINDBK Year 2013: Reported OPM deviations exceed >1% criteria thresholds. [Category: formula discrepancy]
[ANOMALY] Company INDUSINDBK Year 2014: Reported OPM deviations exceed >1% criteria thresholds. [Category: formula discrepancy]
[ANOMALY] Company INDUSINDBK Year 2015: Reported OPM deviations exceed >1% criteria thresholds. [Category: formula discrepancy]
[ANOMALY] Company INDUSINDBK Year 2016: Reported OPM deviations exceed >1% criteria thresholds. [Category: formula discrepancy]
[ANOMALY] Company INDUSINDBK Year 2017: Reported OPM deviations exceed >1% criteria thresholds. [Category: formula discrepancy]
[ANOMALY] Company INDUSINDBK Year 2018: Reported OPM deviations exceed >1% criteria thresholds. [Category: formula discrepancy]
[ANOMALY] Company INDUSINDBK Year 2019: Reported OPM deviations exceed >1% criteria thresholds. [Category: formula discrepancy]
[ANOMALY] Company INDUSINDBK Year 2020: Reported OPM deviations exceed >1% criteria thresholds. [Category: formula discrepancy]
[ANOMALY] Company INDUSINDBK Year 2021: Reported OPM deviations exceed >1% criteria thresholds. [Category: formula discrepancy]
[ANOMALY] Company INDUSINDBK Year 2022: Reported OPM deviations exceed >1% criteria thresholds. [Category: formula discrepancy]
[ANOMALY] Company INDUSINDBK Year 2023: Reported OPM deviations exceed >1% criteria thresholds. [Category: formula discrepancy]
[ANOMALY] Company INDUSINDBK Year 2024: Reported OPM deviations exceed >1% criteria thresholds. [Category: formula discrepancy]
[ANOMALY] Company INDUSINDBK Year 0: Reported OPM deviations exceed >1% criteria thresholds. [Category: formula discrepancy]
[ANOMALY] Company JIOFIN Year 2023: Reported OPM deviations exceed >1% criteria thresholds. [Category: formula discrepancy]
[ANOMALY] Company KOTAKBANK Year 2013: Reported OPM deviations exceed >1% criteria thresholds. [Category: formula discrepancy]
[ANOMALY] Company KOTAKBANK Year 2014: Reported OPM deviations exceed >1% criteria thresholds. [Category: formula discrepancy]
[ANOMALY] Company KOTAKBANK Year 2015: Reported OPM deviations exceed >1% criteria thresholds. [Category: formula discrepancy]
[ANOMALY] Company KOTAKBANK Year 2016: Reported OPM deviations exceed >1% criteria thresholds. [Category: formula discrepancy]
[ANOMALY] Company KOTAKBANK Year 2017: Reported OPM deviations exceed >1% criteria thresholds. [Category: formula discrepancy]
[ANOMALY] Company KOTAKBANK Year 2018: Reported OPM deviations exceed >1% criteria thresholds. [Category: formula discrepancy]
[ANOMALY] Company KOTAKBANK Year 2019: Reported OPM deviations exceed >1% criteria thresholds. [Category: formula discrepancy]
[ANOMALY] Company KOTAKBANK Year 2020: Reported OPM deviations exceed >1% criteria thresholds. [Category: formula discrepancy]
[ANOMALY] Company KOTAKBANK Year 2021: Reported OPM deviations exceed >1% criteria thresholds. [Category: formula discrepancy]
[ANOMALY] Company KOTAKBANK Year 2022: Reported OPM deviations exceed >1% criteria thresholds. [Category: formula discrepancy]
[ANOMALY] Company KOTAKBANK Year 2023: Reported OPM deviations exceed >1% criteria thresholds. [Category: formula discrepancy]
[ANOMALY] Company KOTAKBANK Year 2024: Reported OPM deviations exceed >1% criteria thresholds. [Category: formula discrepancy]
[ANOMALY] Company KOTAKBANK Year 0: Reported OPM deviations exceed >1% criteria thresholds. [Category: formula discrepancy]
[ANOMALY] Company SUNPHARMA Year 2024: Reported OPM deviations exceed >1% criteria thresholds. [Category: formula discrepancy]
[ANOMALY] Company INDIGO Year 2013: Reported OPM deviations exceed >1% criteria thresholds. [Category: formula discrepancy]
[ANOMALY] Company INDIGO Year 2014: Reported OPM deviations exceed >1% criteria thresholds. [Category: formula discrepancy]
[ANOMALY] Company INDIGO Year 2015: Reported OPM deviations exceed >1% criteria thresholds. [Category: formula discrepancy]
[ANOMALY] Company INDIGO Year 2016: Reported OPM deviations exceed >1% criteria thresholds. [Category: formula discrepancy]
[ANOMALY] Company INDIGO Year 2017: Reported OPM deviations exceed >1% criteria thresholds. [Category: formula discrepancy]
[ANOMALY] Company INDIGO Year 2018: Reported OPM deviations exceed >1% criteria thresholds. [Category: formula discrepancy]
[ANOMALY] Company INDIGO Year 2019: Reported OPM deviations exceed >1% criteria thresholds. [Category: formula discrepancy]
[ANOMALY] Company INDIGO Year 2020: Reported OPM deviations exceed >1% criteria thresholds. [Category: formula discrepancy]
[ANOMALY] Company INDIGO Year 2021: Reported OPM deviations exceed >1% criteria thresholds. [Category: formula discrepancy]
[ANOMALY] Company INDIGO Year 2022: Reported OPM deviations exceed >1% criteria thresholds. [Category: formula discrepancy]
[ANOMALY] Company INDIGO Year 2023: Reported OPM deviations exceed >1% criteria thresholds. [Category: formula discrepancy]
[ANOMALY] Company INDIGO Year 2024: Reported OPM deviations exceed >1% criteria thresholds. [Category: formula discrepancy]
[ANOMALY] Company INDIGO Year 0: Reported OPM deviations exceed >1% criteria thresholds. [Category: formula discrepancy]
